  RenderEngine.cpp
C:\Users\ernestas\Desktop\Render Engine\RenderEngine\Window.h(57,31): warning C4244: '=': conversion from 'float' to 'UINT8', possible loss of data
C:\Users\ernestas\Desktop\Render Engine\RenderEngine\Window.h(69,74): warning C4244: 'argument': conversion from 'float' to 'int', possible loss of data
C:\Users\ernestas\Desktop\Render Engine\RenderEngine\Window.h(69,45): warning C4244: 'argument': conversion from 'float' to 'int', possible loss of data
C:\Users\ernestas\Desktop\Render Engine\RenderEngine\Window.h(69,16): warning C4244: 'argument': conversion from 'float' to 'int', possible loss of data
C:\Users\ernestas\Desktop\Render Engine\RenderEngine\Window.h(74,74): warning C4244: 'argument': conversion from 'float' to 'int', possible loss of data
C:\Users\ernestas\Desktop\Render Engine\RenderEngine\Window.h(74,45): warning C4244: 'argument': conversion from 'float' to 'int', possible loss of data
C:\Users\ernestas\Desktop\Render Engine\RenderEngine\Window.h(74,16): warning C4244: 'argument': conversion from 'float' to 'int', possible loss of data
C:\Users\ernestas\Desktop\Render Engine\RenderEngine\Window.h(183,17): warning C4244: 'initializing': conversion from 'int' to 'float', possible loss of data
C:\Users\ernestas\Desktop\Render Engine\RenderEngine\Window.h(187,64): warning C4244: 'argument': conversion from 'float' to 'int', possible loss of data
C:\Users\ernestas\Desktop\Render Engine\RenderEngine\Window.h(187,26): warning C4244: 'argument': conversion from 'float' to 'int', possible loss of data
C:\Users\ernestas\Desktop\Render Engine\RenderEngine\Window.h(198,17): warning C4244: 'initializing': conversion from 'int' to 'float', possible loss of data
C:\Users\ernestas\Desktop\Render Engine\RenderEngine\Window.h(202,13): warning C4244: 'initializing': conversion from 'float' to 'int', possible loss of data
C:\Users\ernestas\Desktop\Render Engine\RenderEngine\Window.h(203,13): warning C4244: 'initializing': conversion from 'float' to 'int', possible loss of data
C:\Users\ernestas\Desktop\Render Engine\RenderEngine\Window.h(204,20): warning C4244: 'initializing': conversion from 'int' to 'float', possible loss of data
C:\Users\ernestas\Desktop\Render Engine\RenderEngine\Window.h(208,69): warning C4244: 'argument': conversion from 'float' to 'int', possible loss of data
C:\Users\ernestas\Desktop\Render Engine\RenderEngine\Window.h(208,27): warning C4244: 'argument': conversion from 'float' to 'int', possible loss of data
C:\Users\ernestas\Desktop\Render Engine\RenderEngine\Window.h(215,17): warning C4244: 'initializing': conversion from 'int' to 'float', possible loss of data
C:\Users\ernestas\Desktop\Render Engine\RenderEngine\Window.h(219,64): warning C4244: 'argument': conversion from 'float' to 'int', possible loss of data
C:\Users\ernestas\Desktop\Render Engine\RenderEngine\Window.h(219,26): warning C4244: 'argument': conversion from 'float' to 'int', possible loss of data
C:\Users\ernestas\Desktop\Render Engine\RenderEngine\Window.h(229,33): warning C4244: 'argument': conversion from 'float' to 'int', possible loss of data
C:\Users\ernestas\Desktop\Render Engine\RenderEngine\Window.h(229,25): warning C4244: 'argument': conversion from 'float' to 'int', possible loss of data
C:\Users\ernestas\Desktop\Render Engine\RenderEngine\Window.h(236,17): warning C4244: 'initializing': conversion from 'int' to 'float', possible loss of data
C:\Users\ernestas\Desktop\Render Engine\RenderEngine\Window.h(240,14): warning C4244: 'initializing': conversion from 'float' to 'int', possible loss of data
C:\Users\ernestas\Desktop\Render Engine\RenderEngine\Window.h(241,14): warning C4244: 'initializing': conversion from 'float' to 'int', possible loss of data
C:\Users\ernestas\Desktop\Render Engine\RenderEngine\Window.h(242,21): warning C4244: 'initializing': conversion from 'int' to 'float', possible loss of data
C:\Users\ernestas\Desktop\Render Engine\RenderEngine\Window.h(246,15): warning C4244: 'initializing': conversion from 'float' to 'int', possible loss of data
C:\Users\ernestas\Desktop\Render Engine\RenderEngine\Window.h(247,15): warning C4244: 'initializing': conversion from 'float' to 'int', possible loss of data
C:\Users\ernestas\Desktop\Render Engine\RenderEngine\Window.h(251,17): warning C4244: 'initializing': conversion from 'double' to 'float', possible loss of data
C:\Users\ernestas\Desktop\Render Engine\RenderEngine\Window.h(254,17): warning C4244: 'initializing': conversion from 'double' to 'float', possible loss of data
C:\Users\ernestas\Desktop\Render Engine\RenderEngine\Window.h(257,17): warning C4244: 'initializing': conversion from 'double' to 'float', possible loss of data
C:\Users\ernestas\Desktop\Render Engine\RenderEngine\Window.h(269,14): warning C4244: 'initializing': conversion from 'float' to 'int', possible loss of data
C:\Users\ernestas\Desktop\Render Engine\RenderEngine\Window.h(270,14): warning C4244: 'initializing': conversion from 'float' to 'int', possible loss of data
C:\Users\ernestas\Desktop\Render Engine\RenderEngine\Window.h(271,14): warning C4244: 'initializing': conversion from 'float' to 'int', possible loss of data
C:\Users\ernestas\Desktop\Render Engine\RenderEngine\Window.h(272,14): warning C4244: 'initializing': conversion from 'float' to 'int', possible loss of data
  Window.cpp
C:\Users\ernestas\Desktop\Render Engine\RenderEngine\Window.h(57,31): warning C4244: '=': conversion from 'float' to 'UINT8', possible loss of data
C:\Users\ernestas\Desktop\Render Engine\RenderEngine\Window.h(69,74): warning C4244: 'argument': conversion from 'float' to 'int', possible loss of data
C:\Users\ernestas\Desktop\Render Engine\RenderEngine\Window.h(69,45): warning C4244: 'argument': conversion from 'float' to 'int', possible loss of data
C:\Users\ernestas\Desktop\Render Engine\RenderEngine\Window.h(69,16): warning C4244: 'argument': conversion from 'float' to 'int', possible loss of data
C:\Users\ernestas\Desktop\Render Engine\RenderEngine\Window.h(74,74): warning C4244: 'argument': conversion from 'float' to 'int', possible loss of data
C:\Users\ernestas\Desktop\Render Engine\RenderEngine\Window.h(74,45): warning C4244: 'argument': conversion from 'float' to 'int', possible loss of data
C:\Users\ernestas\Desktop\Render Engine\RenderEngine\Window.h(74,16): warning C4244: 'argument': conversion from 'float' to 'int', possible loss of data
C:\Users\ernestas\Desktop\Render Engine\RenderEngine\Window.h(183,17): warning C4244: 'initializing': conversion from 'int' to 'float', possible loss of data
C:\Users\ernestas\Desktop\Render Engine\RenderEngine\Window.h(187,64): warning C4244: 'argument': conversion from 'float' to 'int', possible loss of data
C:\Users\ernestas\Desktop\Render Engine\RenderEngine\Window.h(187,26): warning C4244: 'argument': conversion from 'float' to 'int', possible loss of data
C:\Users\ernestas\Desktop\Render Engine\RenderEngine\Window.h(198,17): warning C4244: 'initializing': conversion from 'int' to 'float', possible loss of data
C:\Users\ernestas\Desktop\Render Engine\RenderEngine\Window.h(202,13): warning C4244: 'initializing': conversion from 'float' to 'int', possible loss of data
C:\Users\ernestas\Desktop\Render Engine\RenderEngine\Window.h(203,13): warning C4244: 'initializing': conversion from 'float' to 'int', possible loss of data
C:\Users\ernestas\Desktop\Render Engine\RenderEngine\Window.h(204,20): warning C4244: 'initializing': conversion from 'int' to 'float', possible loss of data
C:\Users\ernestas\Desktop\Render Engine\RenderEngine\Window.h(208,69): warning C4244: 'argument': conversion from 'float' to 'int', possible loss of data
C:\Users\ernestas\Desktop\Render Engine\RenderEngine\Window.h(208,27): warning C4244: 'argument': conversion from 'float' to 'int', possible loss of data
C:\Users\ernestas\Desktop\Render Engine\RenderEngine\Window.h(215,17): warning C4244: 'initializing': conversion from 'int' to 'float', possible loss of data
C:\Users\ernestas\Desktop\Render Engine\RenderEngine\Window.h(219,64): warning C4244: 'argument': conversion from 'float' to 'int', possible loss of data
C:\Users\ernestas\Desktop\Render Engine\RenderEngine\Window.h(219,26): warning C4244: 'argument': conversion from 'float' to 'int', possible loss of data
C:\Users\ernestas\Desktop\Render Engine\RenderEngine\Window.h(229,33): warning C4244: 'argument': conversion from 'float' to 'int', possible loss of data
C:\Users\ernestas\Desktop\Render Engine\RenderEngine\Window.h(229,25): warning C4244: 'argument': conversion from 'float' to 'int', possible loss of data
C:\Users\ernestas\Desktop\Render Engine\RenderEngine\Window.h(236,17): warning C4244: 'initializing': conversion from 'int' to 'float', possible loss of data
C:\Users\ernestas\Desktop\Render Engine\RenderEngine\Window.h(240,14): warning C4244: 'initializing': conversion from 'float' to 'int', possible loss of data
C:\Users\ernestas\Desktop\Render Engine\RenderEngine\Window.h(241,14): warning C4244: 'initializing': conversion from 'float' to 'int', possible loss of data
C:\Users\ernestas\Desktop\Render Engine\RenderEngine\Window.h(242,21): warning C4244: 'initializing': conversion from 'int' to 'float', possible loss of data
C:\Users\ernestas\Desktop\Render Engine\RenderEngine\Window.h(246,15): warning C4244: 'initializing': conversion from 'float' to 'int', possible loss of data
C:\Users\ernestas\Desktop\Render Engine\RenderEngine\Window.h(247,15): warning C4244: 'initializing': conversion from 'float' to 'int', possible loss of data
C:\Users\ernestas\Desktop\Render Engine\RenderEngine\Window.h(251,17): warning C4244: 'initializing': conversion from 'double' to 'float', possible loss of data
C:\Users\ernestas\Desktop\Render Engine\RenderEngine\Window.h(254,17): warning C4244: 'initializing': conversion from 'double' to 'float', possible loss of data
C:\Users\ernestas\Desktop\Render Engine\RenderEngine\Window.h(257,17): warning C4244: 'initializing': conversion from 'double' to 'float', possible loss of data
C:\Users\ernestas\Desktop\Render Engine\RenderEngine\Window.h(269,14): warning C4244: 'initializing': conversion from 'float' to 'int', possible loss of data
C:\Users\ernestas\Desktop\Render Engine\RenderEngine\Window.h(270,14): warning C4244: 'initializing': conversion from 'float' to 'int', possible loss of data
C:\Users\ernestas\Desktop\Render Engine\RenderEngine\Window.h(271,14): warning C4244: 'initializing': conversion from 'float' to 'int', possible loss of data
C:\Users\ernestas\Desktop\Render Engine\RenderEngine\Window.h(272,14): warning C4244: 'initializing': conversion from 'float' to 'int', possible loss of data
  Generating Code...
  RenderEngine.vcxproj -> C:\Users\ernestas\Desktop\Render Engine\x64\Debug\RenderEngine.exe
